
*** Running vivado
    with args -log main_memory.vds -m64 -product Vivado -mode batch -messageDb vivado.pb -notrace -source main_memory.tcl


****** Vivado v2017.2 (64-bit)
  **** SW Build 1909853 on Thu Jun 15 18:39:09 MDT 2017
  **** IP Build 1909766 on Thu Jun 15 19:58:00 MDT 2017
    ** Copyright 1986-2017 Xilinx, Inc. All Rights Reserved.

source main_memory.tcl -notrace
Starting RTL Elaboration : Time (s): cpu = 00:00:05 ; elapsed = 00:00:06 . Memory (MB): peak = 316.617 ; gain = 80.625
INFO: [Synth 8-638] synthesizing module 'main_memory' [e:/COA experiments/exam 2/CPU_V2.1/CPU_V2.1.srcs/sources_1/ip/main_memory/synth/main_memory.vhd:69]
INFO: [Synth 8-256] done synthesizing module 'main_memory' (9#1) [e:/COA experiments/exam 2/CPU_V2.1/CPU_V2.1.srcs/sources_1/ip/main_memory/synth/main_memory.vhd:69]
Finished RTL Elaboration : Time (s): cpu = 00:00:58 ; elapsed = 00:00:59 . Memory (MB): peak = 522.180 ; gain = 286.188
Finished RTL Optimization Phase 1 : Time (s): cpu = 00:00:58 ; elapsed = 00:00:59 . Memory (MB): peak = 522.180 ; gain = 286.188
INFO: [Device 21-403] Loading part xc7z020clg484-1
Constraint Validation Runtime : Time (s): cpu = 00:00:00 ; elapsed = 00:00:00.014 . Memory (MB): peak = 605.172 ; gain = 0.000
Finished Constraint Validation : Time (s): cpu = 00:01:08 ; elapsed = 00:01:10 . Memory (MB): peak = 605.172 ; gain = 369.180
Finished Loading Part and Timing Information : Time (s): cpu = 00:01:08 ; elapsed = 00:01:10 . Memory (MB): peak = 605.172 ; gain = 369.180
Finished applying 'set_property' XDC Constraints : Time (s): cpu = 00:01:08 ; elapsed = 00:01:10 . Memory (MB): peak = 605.172 ; gain = 369.180
Finished RTL Optimization Phase 2 : Time (s): cpu = 00:01:08 ; elapsed = 00:01:10 . Memory (MB): peak = 605.172 ; gain = 369.180
Finished Cross Boundary and Area Optimization : Time (s): cpu = 00:01:09 ; elapsed = 00:01:10 . Memory (MB): peak = 605.172 ; gain = 369.180
Finished Applying XDC Timing Constraints : Time (s): cpu = 00:01:19 ; elapsed = 00:01:21 . Memory (MB): peak = 633.543 ; gain = 397.551
Finished Timing Optimization : Time (s): cpu = 00:01:19 ; elapsed = 00:01:21 . Memory (MB): peak = 633.543 ; gain = 397.551
Finished Technology Mapping : Time (s): cpu = 00:01:19 ; elapsed = 00:01:21 . Memory (MB): peak = 643.684 ; gain = 407.691
Finished IO Insertion : Time (s): cpu = 00:01:20 ; elapsed = 00:01:22 . Memory (MB): peak = 643.684 ; gain = 407.691
Finished Renaming Generated Instances : Time (s): cpu = 00:01:20 ; elapsed = 00:01:22 . Memory (MB): peak = 643.684 ; gain = 407.691
Finished Rebuilding User Hierarchy : Time (s): cpu = 00:01:20 ; elapsed = 00:01:22 . Memory (MB): peak = 643.684 ; gain = 407.691
Finished Renaming Generated Ports : Time (s): cpu = 00:01:20 ; elapsed = 00:01:22 . Memory (MB): peak = 643.684 ; gain = 407.691
Finished Handling Custom Attributes : Time (s): cpu = 00:01:20 ; elapsed = 00:01:22 . Memory (MB): peak = 643.684 ; gain = 407.691
Finished Renaming Generated Nets : Time (s): cpu = 00:01:20 ; elapsed = 00:01:22 . Memory (MB): peak = 643.684 ; gain = 407.691

Report Cell Usage: 
+------+---------+------+
|      |Cell     |Count |
+------+---------+------+
|1     |RAMB18E1 |     1|
+------+---------+------+
Finished Writing Synthesis Report : Time (s): cpu = 00:01:20 ; elapsed = 00:01:22 . Memory (MB): peak = 643.684 ; gain = 407.691
synth_design: Time (s): cpu = 00:01:21 ; elapsed = 00:01:23 . Memory (MB): peak = 657.211 ; gain = 422.848
