
*** Running vivado
    with args -log main_memory.vds -m64 -product Vivado -mode batch -messageDb vivado.pb -notrace -source main_memory.tcl


****** Vivado v2017.2 (64-bit)
  **** SW Build 1909853 on Thu Jun 15 18:39:09 MDT 2017
  **** IP Build 1909766 on Thu Jun 15 19:58:00 MDT 2017
    ** Copyright 1986-2017 Xilinx, Inc. All Rights Reserved.

source main_memory.tcl -notrace
Starting RTL Elaboration : Time (s): cpu = 00:00:06 ; elapsed = 00:00:08 . Memory (MB): peak = 316.840 ; gain = 80.879
INFO: [Synth 8-638] synthesizing module 'main_memory' [e:/COA experiments/CPU/CPU_update/CPU_V2.1/CPU_V2.1.srcs/sources_1/ip/main_memory/synth/main_memory.vhd:69]
INFO: [Synth 8-256] done synthesizing module 'main_memory' (9#1) [e:/COA experiments/CPU/CPU_update/CPU_V2.1/CPU_V2.1.srcs/sources_1/ip/main_memory/synth/main_memory.vhd:69]
Finished RTL Elaboration : Time (s): cpu = 00:01:01 ; elapsed = 00:01:04 . Memory (MB): peak = 522.336 ; gain = 286.375
Finished RTL Optimization Phase 1 : Time (s): cpu = 00:01:01 ; elapsed = 00:01:04 . Memory (MB): peak = 522.336 ; gain = 286.375
INFO: [Device 21-403] Loading part xc7z020clg484-1
Constraint Validation Runtime : Time (s): cpu = 00:00:00 ; elapsed = 00:00:00.319 . Memory (MB): peak = 605.340 ; gain = 0.000
Finished Constraint Validation : Time (s): cpu = 00:01:12 ; elapsed = 00:01:21 . Memory (MB): peak = 605.340 ; gain = 369.379
Finished Loading Part and Timing Information : Time (s): cpu = 00:01:12 ; elapsed = 00:01:21 . Memory (MB): peak = 605.340 ; gain = 369.379
Finished applying 'set_property' XDC Constraints : Time (s): cpu = 00:01:12 ; elapsed = 00:01:21 . Memory (MB): peak = 605.340 ; gain = 369.379
Finished RTL Optimization Phase 2 : Time (s): cpu = 00:01:13 ; elapsed = 00:01:21 . Memory (MB): peak = 605.340 ; gain = 369.379
Finished Cross Boundary and Area Optimization : Time (s): cpu = 00:01:13 ; elapsed = 00:01:21 . Memory (MB): peak = 605.340 ; gain = 369.379
Finished Applying XDC Timing Constraints : Time (s): cpu = 00:01:25 ; elapsed = 00:01:33 . Memory (MB): peak = 633.715 ; gain = 397.754
Finished Timing Optimization : Time (s): cpu = 00:01:25 ; elapsed = 00:01:33 . Memory (MB): peak = 633.715 ; gain = 397.754
Finished Technology Mapping : Time (s): cpu = 00:01:25 ; elapsed = 00:01:33 . Memory (MB): peak = 643.859 ; gain = 407.898
Finished IO Insertion : Time (s): cpu = 00:01:25 ; elapsed = 00:01:34 . Memory (MB): peak = 643.859 ; gain = 407.898
Finished Renaming Generated Instances : Time (s): cpu = 00:01:25 ; elapsed = 00:01:34 . Memory (MB): peak = 643.859 ; gain = 407.898
Finished Rebuilding User Hierarchy : Time (s): cpu = 00:01:25 ; elapsed = 00:01:34 . Memory (MB): peak = 643.859 ; gain = 407.898
Finished Renaming Generated Ports : Time (s): cpu = 00:01:25 ; elapsed = 00:01:34 . Memory (MB): peak = 643.859 ; gain = 407.898
Finished Handling Custom Attributes : Time (s): cpu = 00:01:25 ; elapsed = 00:01:34 . Memory (MB): peak = 643.859 ; gain = 407.898
Finished Renaming Generated Nets : Time (s): cpu = 00:01:25 ; elapsed = 00:01:34 . Memory (MB): peak = 643.859 ; gain = 407.898

Report Cell Usage: 
+------+---------+------+
|      |Cell     |Count |
+------+---------+------+
|1     |RAMB18E1 |     1|
+------+---------+------+
Finished Writing Synthesis Report : Time (s): cpu = 00:01:25 ; elapsed = 00:01:34 . Memory (MB): peak = 643.859 ; gain = 407.898
synth_design: Time (s): cpu = 00:01:26 ; elapsed = 00:01:37 . Memory (MB): peak = 657.387 ; gain = 422.051
