
*** Running vivado
    with args -log control_memory.vds -m64 -product Vivado -mode batch -messageDb vivado.pb -notrace -source control_memory.tcl


****** Vivado v2017.2 (64-bit)
  **** SW Build 1909853 on Thu Jun 15 18:39:09 MDT 2017
  **** IP Build 1909766 on Thu Jun 15 19:58:00 MDT 2017
    ** Copyright 1986-2017 Xilinx, Inc. All Rights Reserved.

source control_memory.tcl -notrace
Starting RTL Elaboration : Time (s): cpu = 00:00:05 ; elapsed = 00:00:06 . Memory (MB): peak = 316.988 ; gain = 81.613
INFO: [Synth 8-638] synthesizing module 'control_memory' [e:/COA experiments/CPU/CPU_update/CPU_V2.1/CPU_V2.1.srcs/sources_1/ip/control_memory/synth/control_memory.vhd:66]
INFO: [Synth 8-256] done synthesizing module 'control_memory' (4#1) [e:/COA experiments/CPU/CPU_update/CPU_V2.1/CPU_V2.1.srcs/sources_1/ip/control_memory/synth/control_memory.vhd:66]
Finished RTL Elaboration : Time (s): cpu = 00:00:08 ; elapsed = 00:00:09 . Memory (MB): peak = 366.559 ; gain = 131.184
Finished RTL Optimization Phase 1 : Time (s): cpu = 00:00:08 ; elapsed = 00:00:09 . Memory (MB): peak = 366.559 ; gain = 131.184
INFO: [Device 21-403] Loading part xc7z020clg484-1
Constraint Validation Runtime : Time (s): cpu = 00:00:00 ; elapsed = 00:00:00.224 . Memory (MB): peak = 592.629 ; gain = 0.000
Finished Constraint Validation : Time (s): cpu = 00:00:19 ; elapsed = 00:00:21 . Memory (MB): peak = 592.629 ; gain = 357.254
Finished Loading Part and Timing Information : Time (s): cpu = 00:00:19 ; elapsed = 00:00:21 . Memory (MB): peak = 592.629 ; gain = 357.254
Finished applying 'set_property' XDC Constraints : Time (s): cpu = 00:00:19 ; elapsed = 00:00:21 . Memory (MB): peak = 592.629 ; gain = 357.254
Finished RTL Optimization Phase 2 : Time (s): cpu = 00:00:19 ; elapsed = 00:00:22 . Memory (MB): peak = 592.629 ; gain = 357.254
Finished Cross Boundary and Area Optimization : Time (s): cpu = 00:00:20 ; elapsed = 00:00:23 . Memory (MB): peak = 592.629 ; gain = 357.254
---------------------------------------------------------------------------------
Start ROM, RAM, DSP and Shift Register Reporting
---------------------------------------------------------------------------------

ROM:
+------------+------------+---------------+----------------+
|Module Name | RTL Object | Depth x Width | Implemented As | 
+------------+------------+---------------+----------------+
|rom         | rom[255]   | 256x28        | LUT            | 
+------------+------------+---------------+----------------+

---------------------------------------------------------------------------------
Finished ROM, RAM, DSP and Shift Register Reporting
---------------------------------------------------------------------------------
Finished Applying XDC Timing Constraints : Time (s): cpu = 00:00:32 ; elapsed = 00:00:35 . Memory (MB): peak = 636.352 ; gain = 400.977
Finished Timing Optimization : Time (s): cpu = 00:00:32 ; elapsed = 00:00:35 . Memory (MB): peak = 636.352 ; gain = 400.977
Finished Technology Mapping : Time (s): cpu = 00:00:32 ; elapsed = 00:00:35 . Memory (MB): peak = 646.488 ; gain = 411.113
Finished IO Insertion : Time (s): cpu = 00:00:32 ; elapsed = 00:00:35 . Memory (MB): peak = 646.488 ; gain = 411.113
Finished Renaming Generated Instances : Time (s): cpu = 00:00:32 ; elapsed = 00:00:35 . Memory (MB): peak = 646.488 ; gain = 411.113
Finished Rebuilding User Hierarchy : Time (s): cpu = 00:00:32 ; elapsed = 00:00:35 . Memory (MB): peak = 646.488 ; gain = 411.113
Finished Renaming Generated Ports : Time (s): cpu = 00:00:32 ; elapsed = 00:00:35 . Memory (MB): peak = 646.488 ; gain = 411.113
Finished Handling Custom Attributes : Time (s): cpu = 00:00:32 ; elapsed = 00:00:35 . Memory (MB): peak = 646.488 ; gain = 411.113
Finished Renaming Generated Nets : Time (s): cpu = 00:00:32 ; elapsed = 00:00:35 . Memory (MB): peak = 646.488 ; gain = 411.113

Report Cell Usage: 
+------+-----+------+
|      |Cell |Count |
+------+-----+------+
|1     |LUT4 |     8|
|2     |LUT5 |    14|
|3     |LUT6 |    26|
+------+-----+------+
Finished Writing Synthesis Report : Time (s): cpu = 00:00:32 ; elapsed = 00:00:35 . Memory (MB): peak = 646.488 ; gain = 411.113
synth_design: Time (s): cpu = 00:00:35 ; elapsed = 00:00:38 . Memory (MB): peak = 659.051 ; gain = 423.676
