
*** Running vivado
    with args -log main_memory.vds -m64 -product Vivado -mode batch -messageDb vivado.pb -notrace -source main_memory.tcl


****** Vivado v2017.2 (64-bit)
  **** SW Build 1909853 on Thu Jun 15 18:39:09 MDT 2017
  **** IP Build 1909766 on Thu Jun 15 19:58:00 MDT 2017
    ** Copyright 1986-2017 Xilinx, Inc. All Rights Reserved.

source main_memory.tcl -notrace
Starting RTL Elaboration : Time (s): cpu = 00:00:05 ; elapsed = 00:00:07 . Memory (MB): peak = 317.367 ; gain = 81.262
INFO: [Synth 8-638] synthesizing module 'main_memory' [e:/COA experiments/exam 2/CPU_V2.1/CPU_V2.1.srcs/sources_1/ip/main_memory/synth/main_memory.vhd:69]
INFO: [Synth 8-256] done synthesizing module 'main_memory' (9#1) [e:/COA experiments/exam 2/CPU_V2.1/CPU_V2.1.srcs/sources_1/ip/main_memory/synth/main_memory.vhd:69]
Finished RTL Elaboration : Time (s): cpu = 00:00:55 ; elapsed = 00:00:59 . Memory (MB): peak = 522.836 ; gain = 286.730
Finished RTL Optimization Phase 1 : Time (s): cpu = 00:00:55 ; elapsed = 00:00:59 . Memory (MB): peak = 522.836 ; gain = 286.730
INFO: [Device 21-403] Loading part xc7z020clg484-1
Constraint Validation Runtime : Time (s): cpu = 00:00:00 ; elapsed = 00:00:00.273 . Memory (MB): peak = 604.848 ; gain = 0.000
Finished Constraint Validation : Time (s): cpu = 00:01:06 ; elapsed = 00:01:15 . Memory (MB): peak = 604.848 ; gain = 368.742
Finished Loading Part and Timing Information : Time (s): cpu = 00:01:06 ; elapsed = 00:01:15 . Memory (MB): peak = 604.848 ; gain = 368.742
Finished applying 'set_property' XDC Constraints : Time (s): cpu = 00:01:06 ; elapsed = 00:01:15 . Memory (MB): peak = 604.848 ; gain = 368.742
Finished RTL Optimization Phase 2 : Time (s): cpu = 00:01:06 ; elapsed = 00:01:15 . Memory (MB): peak = 604.848 ; gain = 368.742
Finished Cross Boundary and Area Optimization : Time (s): cpu = 00:01:06 ; elapsed = 00:01:16 . Memory (MB): peak = 604.848 ; gain = 368.742
Finished Applying XDC Timing Constraints : Time (s): cpu = 00:01:18 ; elapsed = 00:01:28 . Memory (MB): peak = 634.223 ; gain = 398.117
Finished Timing Optimization : Time (s): cpu = 00:01:18 ; elapsed = 00:01:28 . Memory (MB): peak = 634.223 ; gain = 398.117
Finished Technology Mapping : Time (s): cpu = 00:01:18 ; elapsed = 00:01:28 . Memory (MB): peak = 644.367 ; gain = 408.262
Finished IO Insertion : Time (s): cpu = 00:01:18 ; elapsed = 00:01:28 . Memory (MB): peak = 644.367 ; gain = 408.262
Finished Renaming Generated Instances : Time (s): cpu = 00:01:18 ; elapsed = 00:01:28 . Memory (MB): peak = 644.367 ; gain = 408.262
Finished Rebuilding User Hierarchy : Time (s): cpu = 00:01:18 ; elapsed = 00:01:28 . Memory (MB): peak = 644.367 ; gain = 408.262
Finished Renaming Generated Ports : Time (s): cpu = 00:01:18 ; elapsed = 00:01:28 . Memory (MB): peak = 644.367 ; gain = 408.262
Finished Handling Custom Attributes : Time (s): cpu = 00:01:18 ; elapsed = 00:01:28 . Memory (MB): peak = 644.367 ; gain = 408.262
Finished Renaming Generated Nets : Time (s): cpu = 00:01:18 ; elapsed = 00:01:28 . Memory (MB): peak = 644.367 ; gain = 408.262

Report Cell Usage: 
+------+---------+------+
|      |Cell     |Count |
+------+---------+------+
|1     |RAMB18E1 |     1|
+------+---------+------+
Finished Writing Synthesis Report : Time (s): cpu = 00:01:18 ; elapsed = 00:01:28 . Memory (MB): peak = 644.367 ; gain = 408.262
synth_design: Time (s): cpu = 00:01:20 ; elapsed = 00:01:31 . Memory (MB): peak = 657.898 ; gain = 424.426
